<?xml version="1.0" encoding="UTF-8"?>
<!-- Generated by org.testng.reporters.JUnitXMLReporter -->
<testsuite hostname="Sandeeps-Air" ignored="0" name="book-flight for 4 PAX" tests="6" failures="1" timestamp="07 Apr 2020 04:04:41 GMT" time="32.847" errors="0">
  <testcase name="LaunchAppURL" time="4.612" classname="com.DemoWebTours.Test.MyTest"/>
  <testcase name="RegistrationTest" time="8.967" classname="com.DemoWebTours.Test.MyTest"/>
  <testcase name="SelectFlights" time="7.275" classname="com.DemoWebTours.Test.MyTest"/>
  <testcase name="FlightSummeryTest" time="5.117" classname="com.DemoWebTours.Test.MyTest"/>
  <testcase name="ConfPage" time="0.387" classname="com.DemoWebTours.Test.MyTest">
    <failure type="junit.framework.ComparisonFailure" message="expected:&amp;lt;...253...&amp;gt; but was:&amp;lt;...338...&amp;gt;">
      <![CDATA[junit.framework.ComparisonFailure: expected:<...253...> but was:<...338...>
at junit.framework.Assert.assertEquals(Assert.java:81)
at junit.framework.Assert.assertEquals(Assert.java:87)
at com.DemoWebTours.Test.MyTest.ConfPage(MyTest.java:84)
at java.util.concurrent.FutureTask.run(FutureTask.java:266)
at java.util.concurrent.ThreadPoolExecutor.runWorker(ThreadPoolExecutor.java:1149)
at java.util.concurrent.ThreadPoolExecutor$Worker.run(ThreadPoolExecutor.java:624)
at java.lang.Thread.run(Thread.java:748)
... Removed 16 stack frames]]>
    </failure>
  </testcase> <!-- ConfPage -->
  <testcase name="LogOut" time="0.0" classname="com.DemoWebTours.Test.MyTest">
    <skipped/>
  </testcase> <!-- LogOut -->
</testsuite> <!-- book-flight for 4 PAX -->
