<?xml version="1.0" encoding="UTF-8"?>
<!-- Generated by org.testng.reporters.JUnitXMLReporter -->
<testsuite hostname="Sandeeps-Air" ignored="0" name="book-flight for 3 PAX" tests="6" failures="0" timestamp="07 Apr 2020 04:04:54 GMT" time="45.379" errors="0">
  <testcase name="LaunchAppURL" time="4.773" classname="com.DemoWebTours.Test.MyTest"/>
  <testcase name="RegistrationTest" time="10.328" classname="com.DemoWebTours.Test.MyTest"/>
  <testcase name="SelectFlights" time="7.14" classname="com.DemoWebTours.Test.MyTest"/>
  <testcase name="FlightSummeryTest" time="5.124" classname="com.DemoWebTours.Test.MyTest"/>
  <testcase name="ConfPage" time="3.462" classname="com.DemoWebTours.Test.MyTest"/>
  <testcase name="LogOut" time="5.015" classname="com.DemoWebTours.Test.MyTest"/>
</testsuite> <!-- book-flight for 3 PAX -->
