<?xml version="1.0" encoding="UTF-8"?>
<!-- Generated by org.testng.reporters.JUnitXMLReporter -->
<testsuite hostname="Sandeeps-Air" ignored="0" name="book-flight for 2 PAX" tests="6" failures="0" timestamp="07 Apr 2020 04:04:54 GMT" time="45.23" errors="0">
  <testcase name="LaunchAppURL" time="4.436" classname="com.DemoWebTours.Test.MyTest"/>
  <testcase name="RegistrationTest" time="9.863" classname="com.DemoWebTours.Test.MyTest"/>
  <testcase name="SelectFlights" time="7.763" classname="com.DemoWebTours.Test.MyTest"/>
  <testcase name="FlightSummeryTest" time="5.477" classname="com.DemoWebTours.Test.MyTest"/>
  <testcase name="ConfPage" time="3.422" classname="com.DemoWebTours.Test.MyTest"/>
  <testcase name="LogOut" time="4.739" classname="com.DemoWebTours.Test.MyTest"/>
</testsuite> <!-- book-flight for 2 PAX -->
