<?xml version="1.0" encoding="UTF-8"?>
<!-- Generated by org.testng.reporters.JUnitXMLReporter -->
<testsuite hostname="Sandeeps-Air" ignored="0" name="book-flight for 1 PAX" tests="6" failures="0" timestamp="07 Apr 2020 04:04:54 GMT" time="45.115" errors="0">
  <testcase name="LaunchAppURL" time="4.439" classname="com.DemoWebTours.Test.MyTest"/>
  <testcase name="RegistrationTest" time="9.941" classname="com.DemoWebTours.Test.MyTest"/>
  <testcase name="SelectFlights" time="7.582" classname="com.DemoWebTours.Test.MyTest"/>
  <testcase name="FlightSummeryTest" time="5.394" classname="com.DemoWebTours.Test.MyTest"/>
  <testcase name="ConfPage" time="3.48" classname="com.DemoWebTours.Test.MyTest"/>
  <testcase name="LogOut" time="4.783" classname="com.DemoWebTours.Test.MyTest"/>
</testsuite> <!-- book-flight for 1 PAX -->
