<?xml version="1.0" encoding="UTF-8"?>
<testng-results skipped="1" failed="1" ignored="0" total="24" passed="22">
  <reporter-output>
  </reporter-output>
  <suite name="Book-Flight Module" duration-ms="45379" started-at="2020-04-07T04:04:09Z" finished-at="2020-04-07T04:04:54Z">
    <groups>
    </groups>
    <test name="book-flight for 4 PAX" duration-ms="32847" started-at="2020-04-07T04:04:09Z" finished-at="2020-04-07T04:04:41Z">
      <class name="com.DemoWebTours.Test.MyTest">
        <test-method status="PASS" signature="setUp()[pri:0, instance:com.DemoWebTours.Test.MyTest@6e1567f1]" name="setUp" is-config="true" duration-ms="6359" started-at="2020-04-07T04:04:09Z" finished-at="2020-04-07T04:04:15Z">
          <reporter-output>
          </reporter-output>
        </test-method> <!-- setUp -->
        <test-method status="PASS" signature="setupParameters(java.lang.String, java.lang.String)[pri:0, instance:com.DemoWebTours.Test.MyTest@6e1567f1]" name="setupParameters" is-config="true" duration-ms="9" started-at="2020-04-07T04:04:15Z" depends-on-methods="com.tests.BaseTest.setUp" finished-at="2020-04-07T04:04:15Z">
          <params>
            <param index="0">
              <value>
                <![CDATA[4]]>
              </value>
            </param>
            <param index="1">
              <value>
                <![CDATA[$2253 USD]]>
              </value>
            </param>
          </params>
          <reporter-output>
          </reporter-output>
        </test-method> <!-- setupParameters -->
        <test-method status="PASS" signature="LaunchAppURL()[pri:0, instance:com.DemoWebTours.Test.MyTest@6e1567f1]" name="LaunchAppURL" duration-ms="4612" started-at="2020-04-07T04:04:15Z" finished-at="2020-04-07T04:04:20Z">
          <reporter-output>
          </reporter-output>
        </test-method> <!-- LaunchAppURL -->
        <test-method status="PASS" signature="RegistrationTest()[pri:0, instance:com.DemoWebTours.Test.MyTest@6e1567f1]" name="RegistrationTest" duration-ms="8967" started-at="2020-04-07T04:04:20Z" depends-on-methods="com.DemoWebTours.Test.MyTest.LaunchAppURL" finished-at="2020-04-07T04:04:29Z">
          <reporter-output>
          </reporter-output>
        </test-method> <!-- RegistrationTest -->
        <test-method status="PASS" signature="SelectFlights()[pri:0, instance:com.DemoWebTours.Test.MyTest@6e1567f1]" name="SelectFlights" duration-ms="7275" started-at="2020-04-07T04:04:29Z" depends-on-methods="com.DemoWebTours.Test.MyTest.RegistrationTest" finished-at="2020-04-07T04:04:36Z">
          <reporter-output>
          </reporter-output>
        </test-method> <!-- SelectFlights -->
        <test-method status="PASS" signature="FlightSummeryTest()[pri:0, instance:com.DemoWebTours.Test.MyTest@6e1567f1]" name="FlightSummeryTest" duration-ms="5117" started-at="2020-04-07T04:04:36Z" depends-on-methods="com.DemoWebTours.Test.MyTest.SelectFlights" finished-at="2020-04-07T04:04:41Z">
          <reporter-output>
          </reporter-output>
        </test-method> <!-- FlightSummeryTest -->
        <test-method status="FAIL" signature="ConfPage()[pri:0, instance:com.DemoWebTours.Test.MyTest@6e1567f1]" name="ConfPage" duration-ms="387" started-at="2020-04-07T04:04:41Z" depends-on-methods="com.DemoWebTours.Test.MyTest.FlightSummeryTest" finished-at="2020-04-07T04:04:41Z">
          <exception class="junit.framework.ComparisonFailure">
            <message>
              <![CDATA[expected:<...253...> but was:<...338...>]]>
            </message>
            <full-stacktrace>
              <![CDATA[junit.framework.ComparisonFailure: expected:<...253...> but was:<...338...>
at junit.framework.Assert.assertEquals(Assert.java:81)
at junit.framework.Assert.assertEquals(Assert.java:87)
at com.DemoWebTours.Test.MyTest.ConfPage(MyTest.java:84)
at sun.reflect.NativeMethodAccessorImpl.invoke0(Native Method)
at sun.reflect.NativeMethodAccessorImpl.invoke(NativeMethodAccessorImpl.java:62)
at sun.reflect.DelegatingMethodAccessorImpl.invoke(DelegatingMethodAccessorImpl.java:43)
at java.lang.reflect.Method.invoke(Method.java:498)
at org.testng.internal.MethodInvocationHelper.invokeMethod(MethodInvocationHelper.java:124)
at org.testng.internal.Invoker.invokeMethod(Invoker.java:583)
at org.testng.internal.Invoker.invokeTestMethod(Invoker.java:719)
at org.testng.internal.Invoker.invokeTestMethods(Invoker.java:989)
at org.testng.internal.TestMethodWorker.invokeTestMethods(TestMethodWorker.java:125)
at org.testng.internal.TestMethodWorker.run(TestMethodWorker.java:109)
at org.testng.TestRunner.privateRun(TestRunner.java:648)
at org.testng.TestRunner.run(TestRunner.java:505)
at org.testng.SuiteRunner.runTest(SuiteRunner.java:455)
at org.testng.SuiteRunner.access$000(SuiteRunner.java:40)
at org.testng.SuiteRunner$SuiteWorker.run(SuiteRunner.java:489)
at org.testng.internal.thread.ThreadUtil$1.call(ThreadUtil.java:52)
at java.util.concurrent.FutureTask.run(FutureTask.java:266)
at java.util.concurrent.ThreadPoolExecutor.runWorker(ThreadPoolExecutor.java:1149)
at java.util.concurrent.ThreadPoolExecutor$Worker.run(ThreadPoolExecutor.java:624)
at java.lang.Thread.run(Thread.java:748)
]]>
            </full-stacktrace>
          </exception> <!-- junit.framework.ComparisonFailure -->
          <reporter-output>
          </reporter-output>
        </test-method> <!-- ConfPage -->
        <test-method status="SKIP" signature="LogOut()[pri:0, instance:com.DemoWebTours.Test.MyTest@6e1567f1]" name="LogOut" duration-ms="0" started-at="2020-04-07T04:04:41Z" depends-on-methods="com.DemoWebTours.Test.MyTest.ConfPage" finished-at="2020-04-07T04:04:41Z">
          <exception class="java.lang.Throwable">
            <message>
              <![CDATA[Method MyTest.LogOut()[pri:0, instance:com.DemoWebTours.Test.MyTest@6e1567f1] depends on not successfully finished methods]]>
            </message>
            <full-stacktrace>
              <![CDATA[java.lang.Throwable: Method MyTest.LogOut()[pri:0, instance:com.DemoWebTours.Test.MyTest@6e1567f1] depends on not successfully finished methods
at org.testng.internal.Invoker.invokeTestMethods(Invoker.java:888)
at org.testng.internal.TestMethodWorker.invokeTestMethods(TestMethodWorker.java:125)
at org.testng.internal.TestMethodWorker.run(TestMethodWorker.java:109)
at org.testng.TestRunner.privateRun(TestRunner.java:648)
at org.testng.TestRunner.run(TestRunner.java:505)
at org.testng.SuiteRunner.runTest(SuiteRunner.java:455)
at org.testng.SuiteRunner.access$000(SuiteRunner.java:40)
at org.testng.SuiteRunner$SuiteWorker.run(SuiteRunner.java:489)
at org.testng.internal.thread.ThreadUtil$1.call(ThreadUtil.java:52)
at java.util.concurrent.FutureTask.run(FutureTask.java:266)
at java.util.concurrent.ThreadPoolExecutor.runWorker(ThreadPoolExecutor.java:1149)
at java.util.concurrent.ThreadPoolExecutor$Worker.run(ThreadPoolExecutor.java:624)
at java.lang.Thread.run(Thread.java:748)
]]>
            </full-stacktrace>
          </exception> <!-- java.lang.Throwable -->
          <reporter-output>
          </reporter-output>
        </test-method> <!-- LogOut -->
        <test-method status="PASS" signature="TearDown()[pri:0, instance:com.DemoWebTours.Test.MyTest@6e1567f1]" name="TearDown" is-config="true" duration-ms="75" started-at="2020-04-07T04:04:41Z" finished-at="2020-04-07T04:04:41Z">
          <reporter-output>
          </reporter-output>
        </test-method> <!-- TearDown -->
      </class> <!-- com.DemoWebTours.Test.MyTest -->
    </test> <!-- book-flight for 4 PAX -->
    <test name="book-flight for 1 PAX" duration-ms="45115" started-at="2020-04-07T04:04:09Z" finished-at="2020-04-07T04:04:54Z">
      <class name="com.DemoWebTours.Test.MyTest">
        <test-method status="PASS" signature="setUp()[pri:0, instance:com.DemoWebTours.Test.MyTest@6a4f787b]" name="setUp" is-config="true" duration-ms="9410" started-at="2020-04-07T04:04:09Z" finished-at="2020-04-07T04:04:18Z">
          <reporter-output>
          </reporter-output>
        </test-method> <!-- setUp -->
        <test-method status="PASS" signature="setupParameters(java.lang.String, java.lang.String)[pri:0, instance:com.DemoWebTours.Test.MyTest@6a4f787b]" name="setupParameters" is-config="true" duration-ms="0" started-at="2020-04-07T04:04:18Z" depends-on-methods="com.tests.BaseTest.setUp" finished-at="2020-04-07T04:04:18Z">
          <params>
            <param index="0">
              <value>
                <![CDATA[1]]>
              </value>
            </param>
            <param index="1">
              <value>
                <![CDATA[$584 USD]]>
              </value>
            </param>
          </params>
          <reporter-output>
          </reporter-output>
        </test-method> <!-- setupParameters -->
        <test-method status="PASS" signature="LaunchAppURL()[pri:0, instance:com.DemoWebTours.Test.MyTest@6a4f787b]" name="LaunchAppURL" duration-ms="4439" started-at="2020-04-07T04:04:18Z" finished-at="2020-04-07T04:04:22Z">
          <reporter-output>
          </reporter-output>
        </test-method> <!-- LaunchAppURL -->
        <test-method status="PASS" signature="RegistrationTest()[pri:0, instance:com.DemoWebTours.Test.MyTest@6a4f787b]" name="RegistrationTest" duration-ms="9941" started-at="2020-04-07T04:04:22Z" depends-on-methods="com.DemoWebTours.Test.MyTest.LaunchAppURL" finished-at="2020-04-07T04:04:32Z">
          <reporter-output>
          </reporter-output>
        </test-method> <!-- RegistrationTest -->
        <test-method status="PASS" signature="SelectFlights()[pri:0, instance:com.DemoWebTours.Test.MyTest@6a4f787b]" name="SelectFlights" duration-ms="7582" started-at="2020-04-07T04:04:32Z" depends-on-methods="com.DemoWebTours.Test.MyTest.RegistrationTest" finished-at="2020-04-07T04:04:40Z">
          <reporter-output>
          </reporter-output>
        </test-method> <!-- SelectFlights -->
        <test-method status="PASS" signature="FlightSummeryTest()[pri:0, instance:com.DemoWebTours.Test.MyTest@6a4f787b]" name="FlightSummeryTest" duration-ms="5394" started-at="2020-04-07T04:04:40Z" depends-on-methods="com.DemoWebTours.Test.MyTest.SelectFlights" finished-at="2020-04-07T04:04:45Z">
          <reporter-output>
          </reporter-output>
        </test-method> <!-- FlightSummeryTest -->
        <test-method status="PASS" signature="ConfPage()[pri:0, instance:com.DemoWebTours.Test.MyTest@6a4f787b]" name="ConfPage" duration-ms="3480" started-at="2020-04-07T04:04:45Z" depends-on-methods="com.DemoWebTours.Test.MyTest.FlightSummeryTest" finished-at="2020-04-07T04:04:49Z">
          <reporter-output>
          </reporter-output>
        </test-method> <!-- ConfPage -->
        <test-method status="PASS" signature="LogOut()[pri:0, instance:com.DemoWebTours.Test.MyTest@6a4f787b]" name="LogOut" duration-ms="4783" started-at="2020-04-07T04:04:49Z" depends-on-methods="com.DemoWebTours.Test.MyTest.ConfPage" finished-at="2020-04-07T04:04:54Z">
          <reporter-output>
          </reporter-output>
        </test-method> <!-- LogOut -->
        <test-method status="PASS" signature="TearDown()[pri:0, instance:com.DemoWebTours.Test.MyTest@6a4f787b]" name="TearDown" is-config="true" duration-ms="67" started-at="2020-04-07T04:04:54Z" finished-at="2020-04-07T04:04:54Z">
          <reporter-output>
          </reporter-output>
        </test-method> <!-- TearDown -->
      </class> <!-- com.DemoWebTours.Test.MyTest -->
    </test> <!-- book-flight for 1 PAX -->
    <test name="book-flight for 2 PAX" duration-ms="45230" started-at="2020-04-07T04:04:09Z" finished-at="2020-04-07T04:04:54Z">
      <class name="com.DemoWebTours.Test.MyTest">
        <test-method status="PASS" signature="setUp()[pri:0, instance:com.DemoWebTours.Test.MyTest@4cf777e8]" name="setUp" is-config="true" duration-ms="9382" started-at="2020-04-07T04:04:09Z" finished-at="2020-04-07T04:04:18Z">
          <reporter-output>
          </reporter-output>
        </test-method> <!-- setUp -->
        <test-method status="PASS" signature="setupParameters(java.lang.String, java.lang.String)[pri:0, instance:com.DemoWebTours.Test.MyTest@4cf777e8]" name="setupParameters" is-config="true" duration-ms="0" started-at="2020-04-07T04:04:18Z" depends-on-methods="com.tests.BaseTest.setUp" finished-at="2020-04-07T04:04:18Z">
          <params>
            <param index="0">
              <value>
                <![CDATA[2]]>
              </value>
            </param>
            <param index="1">
              <value>
                <![CDATA[$1169 USD]]>
              </value>
            </param>
          </params>
          <reporter-output>
          </reporter-output>
        </test-method> <!-- setupParameters -->
        <test-method status="PASS" signature="LaunchAppURL()[pri:0, instance:com.DemoWebTours.Test.MyTest@4cf777e8]" name="LaunchAppURL" duration-ms="4436" started-at="2020-04-07T04:04:18Z" finished-at="2020-04-07T04:04:22Z">
          <reporter-output>
          </reporter-output>
        </test-method> <!-- LaunchAppURL -->
        <test-method status="PASS" signature="RegistrationTest()[pri:0, instance:com.DemoWebTours.Test.MyTest@4cf777e8]" name="RegistrationTest" duration-ms="9863" started-at="2020-04-07T04:04:22Z" depends-on-methods="com.DemoWebTours.Test.MyTest.LaunchAppURL" finished-at="2020-04-07T04:04:32Z">
          <reporter-output>
          </reporter-output>
        </test-method> <!-- RegistrationTest -->
        <test-method status="PASS" signature="SelectFlights()[pri:0, instance:com.DemoWebTours.Test.MyTest@4cf777e8]" name="SelectFlights" duration-ms="7763" started-at="2020-04-07T04:04:32Z" depends-on-methods="com.DemoWebTours.Test.MyTest.RegistrationTest" finished-at="2020-04-07T04:04:40Z">
          <reporter-output>
          </reporter-output>
        </test-method> <!-- SelectFlights -->
        <test-method status="PASS" signature="FlightSummeryTest()[pri:0, instance:com.DemoWebTours.Test.MyTest@4cf777e8]" name="FlightSummeryTest" duration-ms="5477" started-at="2020-04-07T04:04:40Z" depends-on-methods="com.DemoWebTours.Test.MyTest.SelectFlights" finished-at="2020-04-07T04:04:46Z">
          <reporter-output>
          </reporter-output>
        </test-method> <!-- FlightSummeryTest -->
        <test-method status="PASS" signature="ConfPage()[pri:0, instance:com.DemoWebTours.Test.MyTest@4cf777e8]" name="ConfPage" duration-ms="3422" started-at="2020-04-07T04:04:46Z" depends-on-methods="com.DemoWebTours.Test.MyTest.FlightSummeryTest" finished-at="2020-04-07T04:04:49Z">
          <reporter-output>
          </reporter-output>
        </test-method> <!-- ConfPage -->
        <test-method status="PASS" signature="LogOut()[pri:0, instance:com.DemoWebTours.Test.MyTest@4cf777e8]" name="LogOut" duration-ms="4739" started-at="2020-04-07T04:04:49Z" depends-on-methods="com.DemoWebTours.Test.MyTest.ConfPage" finished-at="2020-04-07T04:04:54Z">
          <reporter-output>
          </reporter-output>
        </test-method> <!-- LogOut -->
        <test-method status="PASS" signature="TearDown()[pri:0, instance:com.DemoWebTours.Test.MyTest@4cf777e8]" name="TearDown" is-config="true" duration-ms="128" started-at="2020-04-07T04:04:54Z" finished-at="2020-04-07T04:04:54Z">
          <reporter-output>
          </reporter-output>
        </test-method> <!-- TearDown -->
      </class> <!-- com.DemoWebTours.Test.MyTest -->
    </test> <!-- book-flight for 2 PAX -->
    <test name="book-flight for 3 PAX" duration-ms="45379" started-at="2020-04-07T04:04:09Z" finished-at="2020-04-07T04:04:54Z">
      <class name="com.DemoWebTours.Test.MyTest">
        <test-method status="PASS" signature="setUp()[pri:0, instance:com.DemoWebTours.Test.MyTest@5f2108b5]" name="setUp" is-config="true" duration-ms="9444" started-at="2020-04-07T04:04:09Z" finished-at="2020-04-07T04:04:18Z">
          <reporter-output>
          </reporter-output>
        </test-method> <!-- setUp -->
        <test-method status="PASS" signature="setupParameters(java.lang.String, java.lang.String)[pri:0, instance:com.DemoWebTours.Test.MyTest@5f2108b5]" name="setupParameters" is-config="true" duration-ms="0" started-at="2020-04-07T04:04:18Z" depends-on-methods="com.tests.BaseTest.setUp" finished-at="2020-04-07T04:04:18Z">
          <params>
            <param index="0">
              <value>
                <![CDATA[3]]>
              </value>
            </param>
            <param index="1">
              <value>
                <![CDATA[$1753 USD]]>
              </value>
            </param>
          </params>
          <reporter-output>
          </reporter-output>
        </test-method> <!-- setupParameters -->
        <test-method status="PASS" signature="LaunchAppURL()[pri:0, instance:com.DemoWebTours.Test.MyTest@5f2108b5]" name="LaunchAppURL" duration-ms="4773" started-at="2020-04-07T04:04:18Z" finished-at="2020-04-07T04:04:23Z">
          <reporter-output>
          </reporter-output>
        </test-method> <!-- LaunchAppURL -->
        <test-method status="PASS" signature="RegistrationTest()[pri:0, instance:com.DemoWebTours.Test.MyTest@5f2108b5]" name="RegistrationTest" duration-ms="10328" started-at="2020-04-07T04:04:23Z" depends-on-methods="com.DemoWebTours.Test.MyTest.LaunchAppURL" finished-at="2020-04-07T04:04:33Z">
          <reporter-output>
          </reporter-output>
        </test-method> <!-- RegistrationTest -->
        <test-method status="PASS" signature="SelectFlights()[pri:0, instance:com.DemoWebTours.Test.MyTest@5f2108b5]" name="SelectFlights" duration-ms="7140" started-at="2020-04-07T04:04:33Z" depends-on-methods="com.DemoWebTours.Test.MyTest.RegistrationTest" finished-at="2020-04-07T04:04:40Z">
          <reporter-output>
          </reporter-output>
        </test-method> <!-- SelectFlights -->
        <test-method status="PASS" signature="FlightSummeryTest()[pri:0, instance:com.DemoWebTours.Test.MyTest@5f2108b5]" name="FlightSummeryTest" duration-ms="5124" started-at="2020-04-07T04:04:40Z" depends-on-methods="com.DemoWebTours.Test.MyTest.SelectFlights" finished-at="2020-04-07T04:04:45Z">
          <reporter-output>
          </reporter-output>
        </test-method> <!-- FlightSummeryTest -->
        <test-method status="PASS" signature="ConfPage()[pri:0, instance:com.DemoWebTours.Test.MyTest@5f2108b5]" name="ConfPage" duration-ms="3462" started-at="2020-04-07T04:04:45Z" depends-on-methods="com.DemoWebTours.Test.MyTest.FlightSummeryTest" finished-at="2020-04-07T04:04:49Z">
          <reporter-output>
          </reporter-output>
        </test-method> <!-- ConfPage -->
        <test-method status="PASS" signature="LogOut()[pri:0, instance:com.DemoWebTours.Test.MyTest@5f2108b5]" name="LogOut" duration-ms="5015" started-at="2020-04-07T04:04:49Z" depends-on-methods="com.DemoWebTours.Test.MyTest.ConfPage" finished-at="2020-04-07T04:04:54Z">
          <reporter-output>
          </reporter-output>
        </test-method> <!-- LogOut -->
        <test-method status="PASS" signature="TearDown()[pri:0, instance:com.DemoWebTours.Test.MyTest@5f2108b5]" name="TearDown" is-config="true" duration-ms="71" started-at="2020-04-07T04:04:54Z" finished-at="2020-04-07T04:04:54Z">
          <reporter-output>
          </reporter-output>
        </test-method> <!-- TearDown -->
      </class> <!-- com.DemoWebTours.Test.MyTest -->
    </test> <!-- book-flight for 3 PAX -->
  </suite> <!-- Book-Flight Module -->
</testng-results>
